<?xml version="1.0" encoding="UTF-8"?>
<!-- Generated by org.testng.reporters.JUnitReportReporter -->
<testsuite hostname="LAPTOP-N330K14R" failures="0" tests="1" name="TestCases._001_TC_LoginPage" time="12.493" errors="0" timestamp="2022-03-05T14:29:27 IST" skipped="0">
  <testcase classname="TestCases._001_TC_LoginPage" name="LoginValidData" time="12.493"/>
  <system-out/>
</testsuite> <!-- TestCases._001_TC_LoginPage -->
